
> egg-graphql-upload@1.0.0 dev /Users/lcy/Project/my/egg-graphql-upload
> egg-bin dev

[egg-ts-helper] create typings/app/extend/application.d.ts (2ms)
[egg-ts-helper] create typings/app/extend/context.d.ts (3ms)
[egg-ts-helper] create typings/app/extend/helper.d.ts (4ms)
[egg-ts-helper] create typings/app/controller/index.d.ts (1ms)
[egg-ts-helper] create typings/app/middleware/index.d.ts (1ms)
[egg-ts-helper] create typings/app/model/index.d.ts (1ms)
[egg-ts-helper] create typings/config/index.d.ts (14ms)
[egg-ts-helper] create typings/config/plugin.d.ts (1ms)
[egg-ts-helper] create typings/app/service/index.d.ts (2ms)
[egg-ts-helper] create typings/app/index.d.ts (0ms)
2020-09-29 16:44:24,713 INFO 94831 [master] node version v12.13.0
2020-09-29 16:44:24,714 INFO 94831 [master] egg version 2.25.0
2020-09-29 16:44:29,128 INFO 94843 [egg-sequelize](914ms) Executed (default): SELECT 1+1 AS result
2020-09-29 16:44:29,130 INFO 94831 [master] agent_worker#1:94843 started (4414ms)
2020-09-29 16:44:30,708 INFO 94862 [egg-sequelize](35ms) Executed (default): SELECT 1+1 AS result
2020-09-29 16:44:30,725 INFO 94831 [master] egg started on http://127.0.0.1:7001 (6011ms)
重启
2020-09-29 16:51:30,743 ERROR 94862 nodejs.EACCESError: spawn . EACCES (uncaughtException throw 1 times on pid:94862)
    at Process.ChildProcess._handle.onexit (internal/child_process.js:264:19)
    at onErrorNT (internal/child_process.js:456:16)
    at processTicksAndRejections (internal/process/task_queues.js:80:21)
errno: "EACCES"
code: "EACCES"
syscall: "spawn ."
path: "."
spawnargs: ["../../u.sh"]
name: "EACCESError"
pid: 94862
hostname: yshipc

[Tue Sep 29 2020 16:51:30 GMT+0800 (China Standard Time)] [graceful:worker:94862:uncaughtException] throw error 1 times
Error [EACCESError]: spawn . EACCES (uncaughtException throw 1 times on pid:94862)
    at Process.ChildProcess._handle.onexit (internal/child_process.js:264:19)
    at onErrorNT (internal/child_process.js:456:16)
    at processTicksAndRejections (internal/process/task_queues.js:80:21) {
  errno: 'EACCES',
  code: 'EACCES',
  syscall: 'spawn .',
  path: '.',
  spawnargs: [ '../../u.sh' ],
  name: 'EACCESError'
}
EACCESError: spawn . EACCES (uncaughtException throw 1 times on pid:94862)
    at Process.ChildProcess._handle.onexit (internal/child_process.js:264:19)
    at onErrorNT (internal/child_process.js:456:16)
    at processTicksAndRejections (internal/process/task_queues.js:80:21)
[Tue Sep 29 2020 16:51:30 GMT+0800 (China Standard Time)] [graceful:worker:94862] will exit after 30000ms
[Tue Sep 29 2020 16:51:30 GMT+0800 (China Standard Time)] [graceful:worker:94862] close server#0, _connections: 1
[Tue Sep 29 2020 16:51:30 GMT+0800 (China Standard Time)] [graceful:worker:94862] close 1 servers!
[Tue Sep 29 2020 16:51:30 GMT+0800 (China Standard Time)] [graceful:worker:94862] worker disconnect!
[2020-09-29 16:51:30.746] [cfork:master:94831] worker:94862 disconnect (exitedAfterDisconnect: true, state: disconnected, isDead: false, worker.disableRefork: false)
[2020-09-29 16:51:30.746] [cfork:master:94831] don't fork new work (refork: false)
2020-09-29 16:51:30,747 INFO 94831 [master] app_worker#1:94862 disconnect, suicide: true, state: disconnected, current workers: ["1"]
[Tue Sep 29 2020 16:52:00 GMT+0800 (China Standard Time)] [graceful:worker:94862] kill timeout, exit now.
2020-09-29 16:52:00,826 ERROR 94862 [app_worker] exit with code:1
[2020-09-29 16:52:00.839] [cfork:master:94831] worker:94862 exit (code: 1, exitedAfterDisconnect: true, state: dead, isDead: true, isExpected: true, worker.disableRefork: false)
2020-09-29 16:52:00,840 ERROR 94831 nodejs.AppWorkerDiedError: [master] app_worker#1:94862 died (code: 1, signal: null, suicide: true, state: dead), current workers: []
    at Master.onAppExit (/Users/lcy/Project/my/egg-graphql-upload/node_modules/egg-cluster/lib/master.js:510:21)
    at Master.emit (events.js:210:5)
    at Messenger.sendToMaster (/Users/lcy/Project/my/egg-graphql-upload/node_modules/egg-cluster/lib/utils/messenger.js:137:17)
    at Messenger.send (/Users/lcy/Project/my/egg-graphql-upload/node_modules/egg-cluster/lib/utils/messenger.js:102:12)
    at EventEmitter.<anonymous> (/Users/lcy/Project/my/egg-graphql-upload/node_modules/egg-cluster/lib/master.js:353:22)
    at EventEmitter.emit (events.js:215:7)
    at ChildProcess.<anonymous> (internal/cluster/master.js:188:13)
    at Object.onceWrapper (events.js:300:26)
    at ChildProcess.emit (events.js:210:5)
    at Process.ChildProcess._handle.onexit (internal/child_process.js:272:12)
name: "AppWorkerDiedError"
pid: 94831
hostname: yshipc

2020-09-29 16:55:12,429 WARN 94843 [agent:development] reload worker because /Users/lcy/Project/my/egg-graphql-upload/config/config.local copy.js rename
2020-09-29 16:55:15,166 INFO 95204 [egg-sequelize](25ms) Executed (default): SELECT 1+1 AS result
2020-09-29 16:55:21,921 WARN 94843 [agent:development] reload worker because /Users/lcy/Project/my/egg-graphql-upload/config/config.prod.js rename
2020-09-29 16:55:29,124 INFO 95237 [egg-sequelize](823ms) Executed (default): SELECT 1+1 AS result
[2020-09-29 16:55:29.139] [cfork:master:94831] worker:95204 disconnect (exitedAfterDisconnect: true, state: disconnected, isDead: false, worker.disableRefork: false)
[2020-09-29 16:55:29.140] [cfork:master:94831] don't fork new work (refork: false)
2020-09-29 16:55:29,140 INFO 94831 [master] app_worker#2:95204 disconnect, suicide: true, state: disconnected, current workers: ["3"]
[2020-09-29 16:55:29.167] [cfork:master:94831] worker:95204 exit (code: 0, exitedAfterDisconnect: true, state: dead, isDead: true, isExpected: true, worker.disableRefork: false)
2020-09-29 16:56:32,078 ERROR 94843 [agent_worker] receive disconnect event on child_process fork mode, exiting with code:110
2020-09-29 16:56:32,080 ERROR 94843 [agent_worker] exit with code:110
Error: /Users/lcy/Project/my/egg-graphql-upload/node_modules/egg-bin/lib/start-cluster {"typescript":false,"declarations":true,"workers":1,"baseDir":"/Users/lcy/Project/my/egg-graphql-upload","framework":"/Users/lcy/Project/my/egg-graphql-upload/node_modules/egg"} exit with code null
    at ChildProcess.<anonymous> (/Users/lcy/Project/my/egg-graphql-upload/node_modules/common-bin/lib/helper.js:56:21)
    at Object.onceWrapper (events.js:300:26)
    at ChildProcess.emit (events.js:210:5)
    at Process.ChildProcess._handle.onexit (internal/child_process.js:272:12) {
  code: null
}
npm ERR! code ELIFECYCLE
npm ERR! errno 1
npm ERR! egg-graphql-upload@1.0.0 dev: `egg-bin dev`
npm ERR! Exit status 1
npm ERR! 
npm ERR! Failed at the egg-graphql-upload@1.0.0 dev script.
npm ERR! This is probably not a problem with npm. There is likely additional logging output above.

npm ERR! A complete log of this run can be found in:
npm ERR!     /Users/lcy/.npm/_logs/2020-09-29T08_56_32_097Z-debug.log
